c:\users\thinkpad t530\documents\ftp share\simpleftpclient\gui\debug\gui.pch
c:\users\thinkpad t530\documents\ftp share\simpleftpclient\gui\debug\vc140.pdb
c:\users\thinkpad t530\documents\ftp share\simpleftpclient\gui\debug\vc140.idb
c:\users\thinkpad t530\documents\ftp share\simpleftpclient\gui\debug\stdafx.obj
c:\users\thinkpad t530\documents\ftp share\simpleftpclient\gui\debug\ftpparse.obj
c:\users\thinkpad t530\documents\ftp share\simpleftpclient\gui\debug\gui.obj
c:\users\thinkpad t530\documents\ftp share\simpleftpclient\debug\gui.ilk
c:\users\thinkpad t530\documents\ftp share\simpleftpclient\debug\gui.exe
c:\users\thinkpad t530\documents\ftp share\simpleftpclient\debug\gui.pdb
c:\users\thinkpad t530\documents\ftp share\simpleftpclient\gui\debug\gui.res
c:\users\thinkpad t530\documents\ftp share\simpleftpclient\gui\debug\resource.res
c:\users\thinkpad t530\documents\ftp share\simpleftpclient\gui\debug\gui.tlog\cl.command.1.tlog
c:\users\thinkpad t530\documents\ftp share\simpleftpclient\gui\debug\gui.tlog\cl.read.1.tlog
c:\users\thinkpad t530\documents\ftp share\simpleftpclient\gui\debug\gui.tlog\cl.write.1.tlog
c:\users\thinkpad t530\documents\ftp share\simpleftpclient\gui\debug\gui.tlog\link.command.1.tlog
c:\users\thinkpad t530\documents\ftp share\simpleftpclient\gui\debug\gui.tlog\link.read.1.tlog
c:\users\thinkpad t530\documents\ftp share\simpleftpclient\gui\debug\gui.tlog\link.write.1.tlog
c:\users\thinkpad t530\documents\ftp share\simpleftpclient\gui\debug\gui.tlog\rc.command.1.tlog
c:\users\thinkpad t530\documents\ftp share\simpleftpclient\gui\debug\gui.tlog\rc.read.1.tlog
c:\users\thinkpad t530\documents\ftp share\simpleftpclient\gui\debug\gui.tlog\rc.write.1.tlog
